<?xml version="1.0" encoding="UTF-8"?>
<testsuite xmlns:xsi="http://www.w3.org/2001/XMLSchema-instance" xsi:noNamespaceSchemaLocation="https://maven.apache.org/surefire/maven-surefire-plugin/xsd/surefire-test-report-3.0.xsd" version="3.0" name="test.java.main.test.UsuarioServiceTest" time="1.828" tests="8" errors="0" skipped="0" failures="0">
  <properties>
[...]
</properties>
  <testcase name="deveImpedirCadastroComSenhaFraca" classname="test.java.main.test.UsuarioServiceTest" time="1.681"/>
  <testcase name="deveImpedirCadastroDeUsuarioComEmailExistente" classname="test.java.main.test.UsuarioServiceTest" time="0.025"/>
  <testcase name="deveImpedirCadastroComEnderecoVazio" classname="test.java.main.test.UsuarioServiceTest" time="0.007"/>
  <testcase name="deveDetectarUsuarioComNomeNulo" classname="test.java.main.test.UsuarioServiceTest" time="0.006"/>
  <testcase name="deveImpedirCadastroDeUsuarioComCpfInvalido" classname="test.java.main.test.UsuarioServiceTest" time="0.007"/>
  <testcase name="testeCadastrarUsuarioDadosValidos" classname="test.java.main.test.UsuarioServiceTest" time="0.01"/>
  <testcase name="deveImpedirCadastroDeUsuarioComCpfExistente" classname="test.java.main.test.UsuarioServiceTest" time="0.007"/>
  <testcase name="deveExcluirUsuarioQuandoCpfExiste" classname="test.java.main.test.UsuarioServiceTest" time="0.009"/>
</testsuite>